Unable to capture context for thread 16640 in process 3124, can not generate back trace
Exception at PC 0x00007FF90716BB93
Printing stacktrace...

[0]  [0x00007FF90716BB93]
[1]  [0x00007FF90716BB93]
[2]  [0x00007FF90716B4A1]
[3]  [0x00007FF90716B3EF]
[4]  [0x00007FF9071519FE]
[5]  [0x00007FF907150ED1]
[6]  [0x00007FF907150D76]
[7]  [0x00007FF9070F79F6]
[8]  [0x00007FF9070E7AFB]
[9]  [0x00007FF90720E90A]
[10]  [0x00007FF907229F87]
[11]  [0x00007FF90722A05F]
[12] (BaseThreadInitThunk+0x14) [0x00007FF9A7AB7BD4]
[13] (RtlUserThreadStart+0x21) [0x00007FF9A8A0CED1]
Done
Exception at PC 0x00007FF906E71A52
Attemped to write at address 0x00007FF934FDABA4
Printing stacktrace...

[0]  [0x00007FF906E71A52]
[1]  [0x00007FF906E71A52]
[2]  [0x00007FF906E71AD4]
[3]  [0x00007FF906FB3FF7]
[4]  [0x00007FF906E99128]
[5]  [0x00007FF90714DFB9]
[6]  [0x00007FF90731EF23]
[7]  [0x00007FF90722B06B]
[8]  [0x00007FF9072208AF]
[9]  [0x00007FF907220A32]
[10] (RtlActivateActivationContextUnsafeFast+0x121) [0x00007FF9A89C50A1]
[11] (LdrShutdownProcess+0x132) [0x00007FF9A8A0AB02]
[12] (RtlExitUserProcess+0xad) [0x00007FF9A8A0A9AD]
[13] (ExitProcess+0xa) [0x00007FF9A7ABCD8A]
[14] (exit+0x85) [0x00007FF9A72BA245]
[15] (initterm_e+0x245) [0x00007FF9A72BA8B5]
[16]  [0x00000000004014CD]
[17]  [0x000000000040151B]
[18] (BaseThreadInitThunk+0x14) [0x00007FF9A7AB7BD4]
[19] (RtlUserThreadStart+0x21) [0x00007FF9A8A0CED1]
Done
